23:55:19.296 INFO [GridLauncherV3.parse] - Selenium server version: 3.141.59, revision: e82be7d358
23:55:19.381 INFO [GridLauncherV3.lambda$buildLaunchers$3] - Launching a standalone Selenium Server on port 4444
2021-01-15 23:55:19.440:INFO::main: Logging initialized @333ms to org.seleniumhq.jetty9.util.log.StdErrLog
23:55:19.647 INFO [WebDriverServlet.<init>] - Initialising WebDriverServlet
23:55:19.779 INFO [SeleniumServer.boot] - Selenium Server is up and running on port 4444
23:55:25.109 INFO [ActiveSessionFactory.apply] - Capabilities are: {
  "acceptSslCert": true,
  "browserName": "chrome",
  "chromeOptions": {
    "w3c": false,
    "args": [
      "disable-gpu"
    ]
  },
  "javascriptEnabled": true,
  "name": "Register"
}
23:55:25.111 INFO [ActiveSessionFactory.lambda$apply$11] - Matched factory org.openqa.selenium.grid.session.remote.ServicedSession$Factory (provider: org.openqa.selenium.chrome.ChromeDriverService)
Starting ChromeDriver 87.0.4280.20 (c99e81631faa0b2a448e658c0dbd8311fb04ddbd-refs/branch-heads/4280@{#355}) on port 23084
Only local connections are allowed.
Please see https://chromedriver.chromium.org/security-considerations for suggestions on keeping ChromeDriver safe.
ChromeDriver was started successfully.
23:55:28.678 INFO [ProtocolHandshake.createSession] - Detected dialect: OSS
23:55:28.896 INFO [RemoteSession$Factory.lambda$performHandshake$0] - Started new session 4c78bc67ab7071e7ac4833e4ec929337 (org.openqa.selenium.chrome.ChromeDriverService)
23:55:40.745 INFO [ActiveSessions$1.onStop] - Removing session 4c78bc67ab7071e7ac4833e4ec929337 (org.openqa.selenium.chrome.ChromeDriverService)
